# JRE version: Java(TM) SE Runtime Environment (11.0.6+8) (build 11.0.6+8-LTS)
# Java VM: Java HotSpot(TM) 64-Bit Server VM (11.0.6+8-LTS, mixed mode, tiered, compressed oops, parallel gc, windows-amd64)
Heap:
 PSYoungGen      total 24064K, used 26K [0x00000000eab00000, 0x00000000ec980000, 0x0000000100000000)
  eden space 22528K, 0% used [0x00000000eab00000,0x00000000eab06918,0x00000000ec100000)
  from space 1536K, 0% used [0x00000000ec300000,0x00000000ec300000,0x00000000ec480000)
  to   space 3072K, 0% used [0x00000000ec680000,0x00000000ec680000,0x00000000ec980000)
 ParOldGen       total 68608K, used 22094K [0x00000000c0000000, 0x00000000c4300000, 0x00000000eab00000)
  object space 68608K, 32% used [0x00000000c0000000,0x00000000c15938d8,0x00000000c4300000)
 Metaspace       used 33727K, capacity 35573K, committed 35928K, reserved 1081344K
  class space    used 3165K, capacity 3843K, committed 3968K, reserved 1048576K
GC Heap History (10 events):
Event: 3.187 GC heap before
{Heap before GC invocations=9 (full 1):
 PSYoungGen      total 30720K, used 30714K [0x00000000eab00000, 0x00000000ed480000, 0x0000000100000000)
  eden space 24064K, 100% used [0x00000000eab00000,0x00000000ec280000,0x00000000ec280000)
  from space 6656K, 99% used [0x00000000ec380000,0x00000000ec9fea90,0x00000000eca00000)
  to   space 9216K, 0% used [0x00000000ecb80000,0x00000000ecb80000,0x00000000ed480000)
 ParOldGen       total 68608K, used 10617K [0x00000000c0000000, 0x00000000c4300000, 0x00000000eab00000)
  object space 68608K, 15% used [0x00000000c0000000,0x00000000c0a5e7c0,0x00000000c4300000)
 Metaspace       used 31269K, capacity 33051K, committed 33152K, reserved 1079296K
  class space    used 3007K, capacity 3659K, committed 3712K, reserved 1048576K
}
Event: 3.193 GC heap after
{Heap after GC invocations=9 (full 1):
 PSYoungGen      total 30208K, used 6482K [0x00000000eab00000, 0x00000000ed200000, 0x0000000100000000)
  eden space 23552K, 0% used [0x00000000eab00000,0x00000000eab00000,0x00000000ec200000)
  from space 6656K, 97% used [0x00000000ecb80000,0x00000000ed1d4b28,0x00000000ed200000)
  to   space 7680K, 0% used [0x00000000ec300000,0x00000000ec300000,0x00000000eca80000)
 ParOldGen       total 68608K, used 13112K [0x00000000c0000000, 0x00000000c4300000, 0x00000000eab00000)
  object space 68608K, 19% used [0x00000000c0000000,0x00000000c0cce200,0x00000000c4300000)
 Metaspace       used 31269K, capacity 33051K, committed 33152K, reserved 1079296K
  class space    used 3007K, capacity 3659K, committed 3712K, reserved 1048576K
}
Event: 3.210 GC heap before
{Heap before GC invocations=10 (full 1):
 PSYoungGen      total 30208K, used 30034K [0x00000000eab00000, 0x00000000ed200000, 0x0000000100000000)
  eden space 23552K, 100% used [0x00000000eab00000,0x00000000ec200000,0x00000000ec200000)
  from space 6656K, 97% used [0x00000000ecb80000,0x00000000ed1d4b28,0x00000000ed200000)
  to   space 7680K, 0% used [0x00000000ec300000,0x00000000ec300000,0x00000000eca80000)
 ParOldGen       total 68608K, used 13112K [0x00000000c0000000, 0x00000000c4300000, 0x00000000eab00000)
  object space 68608K, 19% used [0x00000000c0000000,0x00000000c0cce200,0x00000000c4300000)
 Metaspace       used 31269K, capacity 33051K, committed 33152K, reserved 1079296K
  class space    used 3007K, capacity 3659K, committed 3712K, reserved 1048576K
}
Event: 3.215 GC heap after
{Heap after GC invocations=10 (full 1):
 PSYoungGen      total 29184K, used 5888K [0x00000000eab00000, 0x00000000ece80000, 0x0000000100000000)
  eden space 23040K, 0% used [0x00000000eab00000,0x00000000eab00000,0x00000000ec180000)
  from space 6144K, 95% used [0x00000000ec300000,0x00000000ec8c0010,0x00000000ec900000)
  to   space 5632K, 0% used [0x00000000ec900000,0x00000000ec900000,0x00000000ece80000)
 ParOldGen       total 68608K, used 15723K [0x00000000c0000000, 0x00000000c4300000, 0x00000000eab00000)
  object space 68608K, 22% used [0x00000000c0000000,0x00000000c0f5ad18,0x00000000c4300000)
 Metaspace       used 31269K, capacity 33051K, committed 33152K, reserved 1079296K
  class space    used 3007K, capacity 3659K, committed 3712K, reserved 1048576K
}
Event: 5.147 GC heap before
{Heap before GC invocations=11 (full 1):
 PSYoungGen      total 29184K, used 28928K [0x00000000eab00000, 0x00000000ece80000, 0x0000000100000000)
  eden space 23040K, 100% used [0x00000000eab00000,0x00000000ec180000,0x00000000ec180000)
  from space 6144K, 95% used [0x00000000ec300000,0x00000000ec8c0010,0x00000000ec900000)
  to   space 5632K, 0% used [0x00000000ec900000,0x00000000ec900000,0x00000000ece80000)
 ParOldGen       total 68608K, used 15723K [0x00000000c0000000, 0x00000000c4300000, 0x00000000eab00000)
  object space 68608K, 22% used [0x00000000c0000000,0x00000000c0f5ad18,0x00000000c4300000)
 Metaspace       used 32093K, capacity 33973K, committed 34048K, reserved 1079296K
  class space    used 3083K, capacity 3779K, committed 3840K, reserved 1048576K
}
Event: 5.155 GC heap after
{Heap after GC invocations=11 (full 1):
 PSYoungGen      total 27648K, used 4996K [0x00000000eab00000, 0x00000000ece00000, 0x0000000100000000)
  eden space 22528K, 0% used [0x00000000eab00000,0x00000000eab00000,0x00000000ec100000)
  from space 5120K, 97% used [0x00000000ec900000,0x00000000ecde13d0,0x00000000ece00000)
  to   space 5632K, 0% used [0x00000000ec300000,0x00000000ec300000,0x00000000ec880000)
 ParOldGen       total 68608K, used 19521K [0x00000000c0000000, 0x00000000c4300000, 0x00000000eab00000)
  object space 68608K, 28% used [0x00000000c0000000,0x00000000c1310778,0x00000000c4300000)
 Metaspace       used 32093K, capacity 33973K, committed 34048K, reserved 1079296K
  class space    used 3083K, capacity 3779K, committed 3840K, reserved 1048576K
}
Event: 5.683 GC heap before
{Heap before GC invocations=12 (full 1):
 PSYoungGen      total 27648K, used 16235K [0x00000000eab00000, 0x00000000ece00000, 0x0000000100000000)
  eden space 22528K, 49% used [0x00000000eab00000,0x00000000eb5f9a40,0x00000000ec100000)
  from space 5120K, 97% used [0x00000000ec900000,0x00000000ecde13d0,0x00000000ece00000)
  to   space 5632K, 0% used [0x00000000ec300000,0x00000000ec300000,0x00000000ec880000)
 ParOldGen       total 68608K, used 19521K [0x00000000c0000000, 0x00000000c4300000, 0x00000000eab00000)
  object space 68608K, 28% used [0x00000000c0000000,0x00000000c1310778,0x00000000c4300000)
 Metaspace       used 33415K, capacity 35253K, committed 35416K, reserved 1081344K
  class space    used 3164K, capacity 3843K, committed 3968K, reserved 1048576K
}
Event: 5.688 GC heap after
{Heap after GC invocations=12 (full 1):
 PSYoungGen      total 24064K, used 1061K [0x00000000eab00000, 0x00000000ec980000, 0x0000000100000000)
  eden space 22528K, 0% used [0x00000000eab00000,0x00000000eab00000,0x00000000ec100000)
  from space 1536K, 69% used [0x00000000ec300000,0x00000000ec409450,0x00000000ec480000)
  to   space 3072K, 0% used [0x00000000ec680000,0x00000000ec680000,0x00000000ec980000)
 ParOldGen       total 68608K, used 24389K [0x00000000c0000000, 0x00000000c4300000, 0x00000000eab00000)
  object space 68608K, 35% used [0x00000000c0000000,0x00000000c17d16a8,0x00000000c4300000)
 Metaspace       used 33415K, capacity 35253K, committed 35416K, reserved 1081344K
  class space    used 3164K, capacity 3843K, committed 3968K, reserved 1048576K
}
Event: 5.688 GC heap before
{Heap before GC invocations=13 (full 2):
 PSYoungGen      total 24064K, used 1061K [0x00000000eab00000, 0x00000000ec980000, 0x0000000100000000)
  eden space 22528K, 0% used [0x00000000eab00000,0x00000000eab00000,0x00000000ec100000)
  from space 1536K, 69% used [0x00000000ec300000,0x00000000ec409450,0x00000000ec480000)
  to   space 3072K, 0% used [0x00000000ec680000,0x00000000ec680000,0x00000000ec980000)
 ParOldGen       total 68608K, used 24389K [0x00000000c0000000, 0x00000000c4300000, 0x00000000eab00000)
  object space 68608K, 35% used [0x00000000c0000000,0x00000000c17d16a8,0x00000000c4300000)
 Metaspace       used 33415K, capacity 35253K, committed 35416K, reserved 1081344K
  class space    used 3164K, capacity 3843K, committed 3968K, reserved 1048576K
}
Event: 5.747 GC heap after
{Heap after GC invocations=13 (full 2):
 PSYoungGen      total 24064K, used 0K [0x00000000eab00000, 0x00000000ec980000, 0x0000000100000000)
  eden space 22528K, 0% used [0x00000000eab00000,0x00000000eab00000,0x00000000ec100000)
  from space 1536K, 0% used [0x00000000ec300000,0x00000000ec300000,0x00000000ec480000)
  to   space 3072K, 0% used [0x00000000ec680000,0x00000000ec680000,0x00000000ec980000)
 ParOldGen       total 68608K, used 22094K [0x00000000c0000000, 0x00000000c4300000, 0x00000000eab00000)
  object space 68608K, 32% used [0x00000000c0000000,0x00000000c15938d8,0x00000000c4300000)
 Metaspace       used 33415K, capacity 35253K, committed 35416K, reserved 1081344K
  class space    used 3164K, capacity 3843K, committed 3968K, reserved 1048576K
}

